<?xml version="1.0" encoding="UTF-8"?>
<!-- Generated by org.testng.reporters.JUnitReportReporter -->
<testsuite skipped="0" hostname="qasimsobeh-lt" name="com.qasim.test.CSVloginAndroid" tests="2" failures="0" timestamp="04 Jan 2018 17:00:18 GMT" time="211.423" errors="0">
  <testcase name="Start" time="103.713" classname="com.qasim.test.CSVloginAndroid"/>
  <testcase name="Start" time="107.710" classname="com.qasim.test.CSVloginAndroid"/>
</testsuite> <!-- com.qasim.test.CSVloginAndroid -->
