<?xml version="1.0" encoding="UTF-8"?>
<!-- Generated by org.testng.reporters.JUnitReportReporter -->
<testsuite skipped="0" hostname="qasimsobeh-lt" name="com.qasim.test.CSVloginAndroid" tests="2" failures="0" timestamp="11 Jan 2018 21:51:05 GMT" time="114.000" errors="0">
  <testcase name="Start" time="0.016" classname="com.qasim.test.CSVloginAndroid"/>
  <testcase name="Start" time="113.984" classname="com.qasim.test.CSVloginAndroid"/>
</testsuite> <!-- com.qasim.test.CSVloginAndroid -->
