<?xml version="1.0" encoding="UTF-8"?>
<!-- Generated by org.testng.reporters.JUnitReportReporter -->
<testsuite skipped="0" hostname="DESKTOP-ASJ2K1S" name="com.qasim.test.ebayProfitListingUpgrades" tests="1" failures="0" timestamp="31 Dec 2017 01:17:39 GMT" time="49.138" errors="0">
  <testcase name="Start" time="49.138" classname="com.qasim.test.ebayProfitListingUpgrades"/>
</testsuite> <!-- com.qasim.test.ebayProfitListingUpgrades -->
