<?xml version="1.0" encoding="UTF-8"?>
<!-- Generated by org.testng.reporters.JUnitReportReporter -->
<testsuite skipped="0" hostname="DESKTOP-ASJ2K1S" name="com.qasim.test.CSVloginAndroid" tests="1" failures="0" timestamp="20 Jan 2018 22:55:29 GMT" time="0.187" errors="0">
  <testcase name="Start" time="0.187" classname="com.qasim.test.CSVloginAndroid"/>
</testsuite> <!-- com.qasim.test.CSVloginAndroid -->
