<?xml version="1.0" encoding="UTF-8"?>
<!-- Generated by org.testng.reporters.JUnitReportReporter -->
<testsuite skipped="0" hostname="qasimsobeh-lt" name="com.qasim.test.CNNbIOS" tests="1" failures="0" timestamp="28 Dec 2017 21:54:10 GMT" time="120.504" errors="0">
  <testcase name="Start" time="120.504" classname="com.qasim.test.CNNbIOS"/>
</testsuite> <!-- com.qasim.test.CNNbIOS -->
