<?xml version="1.0" encoding="UTF-8"?>
<!-- Generated by org.testng.reporters.JUnitReportReporter -->
<testsuite skipped="0" hostname="qasimsobeh-lt" name="com.qasim.test.CNNaIOS" tests="1" failures="0" timestamp="28 Dec 2017 20:30:07 GMT" time="362.681" errors="0">
  <testcase name="Start" time="362.681" classname="com.qasim.test.CNNaIOS"/>
</testsuite> <!-- com.qasim.test.CNNaIOS -->
