<?xml version="1.0" encoding="UTF-8"?>
<!-- Generated by org.testng.reporters.JUnitReportReporter -->
<testsuite skipped="0" hostname="qasimsobeh-lt" name="com.qasim.test.CSVloginIOS" tests="2" failures="0" timestamp="24 Jan 2018 20:04:06 GMT" time="480.439" errors="1">
  <testcase name="Start" time="0.032" classname="com.qasim.test.CSVloginIOS"/>
  <testcase name="Start" time="480.407" classname="com.qasim.test.CSVloginIOS">
    <error type="com.experitest.client.InternalException" message="Connectivity Exception, verify studio is open and the right port is been used">
      <![CDATA[com.experitest.client.InternalException: Connectivity Exception, verify studio is open and the right port is been usedat com.experitest.client.JavaClientInternals.executeInternally(JavaClientInternals.java:192)at com.experitest.client.Client.execute(Client.java:247)at com.experitest.client.Client.collectSupportData(Client.java:604)at com.qasim.framework.BaseTest.startTest(BaseTest.java:208)at com.qasim.framework.BaseTest.Start(BaseTest.java:462)at sun.reflect.GeneratedMethodAccessor1.invoke(Unknown Source)at sun.reflect.DelegatingMethodAccessorImpl.invoke(Unknown Source)at java.lang.reflect.Method.invoke(Unknown Source)at org.testng.internal.MethodInvocationHelper.invokeMethod(MethodInvocationHelper.java:124)at org.testng.internal.Invoker.invokeMethod(Invoker.java:571)at org.testng.internal.Invoker.invokeTestMethod(Invoker.java:707)at org.testng.internal.Invoker.invokeTestMethods(Invoker.java:979)at org.testng.internal.TestMethodWorker.invokeTestMethods(TestMethodWorker.java:125)at org.testng.internal.TestMethodWorker.run(TestMethodWorker.java:109)at java.util.concurrent.ThreadPoolExecutor.runWorker(Unknown Source)at java.util.concurrent.ThreadPoolExecutor$Worker.run(Unknown Source)at java.lang.Thread.run(Unknown Source)Caused by: org.apache.xmlrpc.XmlRpcException: Failed to read server's response: Connection refused: connectat org.apache.xmlrpc.client.XmlRpcStreamTransport.sendRequest(XmlRpcStreamTransport.java:161)at org.apache.xmlrpc.client.XmlRpcHttpTransport.sendRequest(XmlRpcHttpTransport.java:115)at org.apache.xmlrpc.client.XmlRpcSunHttpTransport.sendRequest(XmlRpcSunHttpTransport.java:69)at org.apache.xmlrpc.client.XmlRpcClientWorker.execute(XmlRpcClientWorker.java:56)at org.apache.xmlrpc.client.XmlRpcClient.execute(XmlRpcClient.java:167)at org.apache.xmlrpc.client.XmlRpcClient.execute(XmlRpcClient.java:137)at org.apache.xmlrpc.client.XmlRpcClient.execute(XmlRpcClient.java:126)at com.experitest.client.JavaClientInternals.executeXmlRpcCommand(JavaClientInternals.java:285)at com.experitest.client.JavaClientInternals.executeInternally(JavaClientInternals.java:189)... 16 moreCaused by: java.net.ConnectException: Connection refused: connectat java.net.DualStackPlainSocketImpl.connect0(Native Method)at java.net.DualStackPlainSocketImpl.socketConnect(Unknown Source)at java.net.AbstractPlainSocketImpl.doConnect(Unknown Source)at java.net.AbstractPlainSocketImpl.connectToAddress(Unknown Source)at java.net.AbstractPlainSocketImpl.connect(Unknown Source)at java.net.PlainSocketImpl.connect(Unknown Source)at java.net.SocksSocketImpl.connect(Unknown Source)at java.net.Socket.connect(Unknown Source)at java.net.Socket.connect(Unknown Source)at sun.net.NetworkClient.doConnect(Unknown Source)at sun.net.www.http.HttpClient.openServer(Unknown Source)at sun.net.www.http.HttpClient.openServer(Unknown Source)at sun.net.www.http.HttpClient.<init>(Unknown Source)at sun.net.www.http.HttpClient.New(Unknown Source)at sun.net.www.http.HttpClient.New(Unknown Source)at sun.net.www.protocol.http.HttpURLConnection.getNewHttpClient(Unknown Source)at sun.net.www.protocol.http.HttpURLConnection.plainConnect0(Unknown Source)at sun.net.www.protocol.http.HttpURLConnection.plainConnect(Unknown Source)at sun.net.www.protocol.http.HttpURLConnection.connect(Unknown Source)at sun.net.www.protocol.http.HttpURLConnection.getOutputStream0(Unknown Source)at sun.net.www.protocol.http.HttpURLConnection.getOutputStream(Unknown Source)at org.apache.xmlrpc.client.XmlRpcSunHttpTransport.writeRequest(XmlRpcSunHttpTransport.java:104)at org.apache.xmlrpc.client.XmlRpcStreamTransport.sendRequest(XmlRpcStreamTransport.java:151)... 24 more]]>
    </error>
  </testcase> <!-- Start -->
</testsuite> <!-- com.qasim.test.CSVloginIOS -->
