<?xml version="1.0" encoding="UTF-8"?>
<!-- Generated by org.testng.reporters.JUnitReportReporter -->
<testsuite skipped="0" hostname="DESKTOP-ASJ2K1S" name="com.qasim.test.EribankMakePaymentAndroid" tests="1" failures="0" timestamp="20 Jan 2018 22:55:29 GMT" time="0.137" errors="0">
  <testcase name="Start" time="0.137" classname="com.qasim.test.EribankMakePaymentAndroid"/>
</testsuite> <!-- com.qasim.test.EribankMakePaymentAndroid -->
