<?xml version="1.0" encoding="UTF-8"?>
<!-- Generated by org.testng.reporters.JUnitReportReporter -->
<testsuite skipped="0" hostname="DESKTOP-ASJ2K1S" name="com.qasim.test.EribankMakePaymentAndroid" tests="1" failures="0" timestamp="30 Dec 2017 23:57:47 GMT" time="38.675" errors="0">
  <testcase name="Start" time="38.675" classname="com.qasim.test.EribankMakePaymentAndroid"/>
</testsuite> <!-- com.qasim.test.EribankMakePaymentAndroid -->
