<?xml version="1.0" encoding="UTF-8"?>
<!-- Generated by org.testng.reporters.JUnitReportReporter -->
<testsuite skipped="0" hostname="DESKTOP-ASJ2K1S" name="com.qasim.test.myAppLogin" tests="1" failures="0" timestamp="30 Dec 2017 17:21:01 GMT" time="129.931" errors="0">
  <testcase name="Start" time="129.931" classname="com.qasim.test.myAppLogin"/>
</testsuite> <!-- com.qasim.test.myAppLogin -->
