<?xml version="1.0" encoding="UTF-8"?>
<!-- Generated by org.testng.reporters.JUnitReportReporter -->
<testsuite skipped="0" hostname="qasimsobeh-lt" name="com.qasim.test.CNNbAndroid" tests="1" failures="0" timestamp="28 Dec 2017 20:42:04 GMT" time="441.532" errors="0">
  <testcase name="Start" time="441.532" classname="com.qasim.test.CNNbAndroid"/>
</testsuite> <!-- com.qasim.test.CNNbAndroid -->
