<?xml version="1.0" encoding="UTF-8"?>
<!-- Generated by org.testng.reporters.JUnitReportReporter -->
<testsuite skipped="0" hostname="qasimsobeh-lt" name="com.qasim.test.EribankMakePaymentAndroid" tests="1" failures="0" timestamp="24 Jan 2018 20:04:06 GMT" time="0.032" errors="0">
  <testcase name="Start" time="0.032" classname="com.qasim.test.EribankMakePaymentAndroid"/>
</testsuite> <!-- com.qasim.test.EribankMakePaymentAndroid -->
