<?xml version="1.0" encoding="UTF-8"?>
<!-- Generated by org.testng.reporters.JUnitReportReporter -->
<testsuite skipped="0" hostname="qasimsobeh-lt" name="com.qasim.test.CSVloginIOS" tests="2" failures="0" timestamp="11 Jan 2018 21:51:05 GMT" time="403.310" errors="0">
  <testcase name="Start" time="0.031" classname="com.qasim.test.CSVloginIOS"/>
  <testcase name="Start" time="403.279" classname="com.qasim.test.CSVloginIOS"/>
</testsuite> <!-- com.qasim.test.CSVloginIOS -->
