<?xml version="1.0" encoding="UTF-8"?>
<!-- Generated by org.testng.reporters.JUnitReportReporter -->
<testsuite skipped="0" hostname="qasimsobeh-lt" name="com.qasim.test.CSVloginIOS" tests="1" failures="0" timestamp="04 Jan 2018 16:38:46 GMT" time="181.726" errors="0">
  <testcase name="Start" time="181.726" classname="com.qasim.test.CSVloginIOS"/>
</testsuite> <!-- com.qasim.test.CSVloginIOS -->
