<?xml version="1.0" encoding="UTF-8"?>
<!-- Generated by org.testng.reporters.JUnitReportReporter -->
<testsuite skipped="0" hostname="DESKTOP-ASJ2K1S" name="com.qasim.test.CNNbAndroid" tests="1" failures="0" timestamp="30 Dec 2017 21:54:39 GMT" time="570.145" errors="0">
  <testcase name="Start" time="570.145" classname="com.qasim.test.CNNbAndroid"/>
</testsuite> <!-- com.qasim.test.CNNbAndroid -->
