<?xml version="1.0" encoding="UTF-8"?>
<!-- Generated by org.testng.reporters.JUnitReportReporter -->
<testsuite skipped="0" hostname="qasimsobeh-lt" name="com.qasim.test.CNNbAndroid" tests="2" failures="0" timestamp="24 Jan 2018 14:53:31 GMT" time="668.856" errors="0">
  <testcase name="Start" time="0.096" classname="com.qasim.test.CNNbAndroid"/>
  <testcase name="Start" time="668.760" classname="com.qasim.test.CNNbAndroid"/>
</testsuite> <!-- com.qasim.test.CNNbAndroid -->
