<?xml version="1.0" encoding="UTF-8"?>
<!-- Generated by org.testng.reporters.JUnitReportReporter -->
<testsuite skipped="0" hostname="qasimsobeh-lt" name="com.qasim.test.downloadAppIOS" tests="1" failures="0" timestamp="28 Dec 2017 16:27:14 GMT" time="54.035" errors="0">
  <testcase name="Start" time="54.035" classname="com.qasim.test.downloadAppIOS"/>
</testsuite> <!-- com.qasim.test.downloadAppIOS -->
