<?xml version="1.0" encoding="UTF-8"?>
<!-- Generated by org.testng.reporters.JUnitReportReporter -->
<testsuite skipped="0" hostname="qasimsobeh-lt" name="com.qasim.test.CNNaIOS" tests="1" failures="0" timestamp="11 Jan 2018 21:51:05 GMT" time="0.031" errors="0">
  <testcase name="Start" time="0.031" classname="com.qasim.test.CNNaIOS"/>
</testsuite> <!-- com.qasim.test.CNNaIOS -->
