<?xml version="1.0" encoding="UTF-8"?>
<!-- Generated by org.testng.reporters.JUnitReportReporter -->
<testsuite skipped="0" hostname="qasimsobeh-lt" name="com.qasim.test.failingTest" tests="1" failures="0" timestamp="24 Jan 2018 20:04:06 GMT" time="0.027" errors="0">
  <testcase name="Start" time="0.027" classname="com.qasim.test.failingTest"/>
</testsuite> <!-- com.qasim.test.failingTest -->
