<?xml version="1.0" encoding="UTF-8"?>
<!-- Generated by org.testng.reporters.JUnitReportReporter -->
<testsuite skipped="0" hostname="qasimsobeh-lt" name="com.qasim.test.CSVloginIOS" tests="1" failures="0" timestamp="26 Dec 2017 18:20:45 GMT" time="192.487" errors="0">
  <testcase name="Start" time="192.487" classname="com.qasim.test.CSVloginIOS"/>
</testsuite> <!-- com.qasim.test.CSVloginIOS -->
