<?xml version="1.0" encoding="UTF-8"?>
<!-- Generated by org.testng.reporters.JUnitReportReporter -->
<testsuite skipped="0" hostname="qasimsobeh-lt" name="com.qasim.test.CNNaAndroid" tests="1" failures="0" timestamp="28 Dec 2017 20:21:57 GMT" time="290.333" errors="0">
  <testcase name="Start" time="290.333" classname="com.qasim.test.CNNaAndroid"/>
</testsuite> <!-- com.qasim.test.CNNaAndroid -->
