<?xml version="1.0" encoding="UTF-8"?>
<!-- Generated by org.testng.reporters.JUnitReportReporter -->
<testsuite skipped="0" hostname="qasimsobeh-lt" name="com.qasim.test.myAppLogin" tests="1" failures="0" timestamp="24 Jan 2018 14:53:31 GMT" time="0.026" errors="0">
  <testcase name="Start" time="0.026" classname="com.qasim.test.myAppLogin"/>
</testsuite> <!-- com.qasim.test.myAppLogin -->
