<?xml version="1.0" encoding="UTF-8"?>
<!-- Generated by org.testng.reporters.JUnitReportReporter -->
<testsuite skipped="0" hostname="qasimsobeh-lt" name="com.qasim.test.downloadAppAndroid" tests="1" failures="0" timestamp="28 Dec 2017 16:59:45 GMT" time="100.834" errors="0">
  <testcase name="Start" time="100.834" classname="com.qasim.test.downloadAppAndroid"/>
</testsuite> <!-- com.qasim.test.downloadAppAndroid -->
