<?xml version="1.0" encoding="UTF-8"?>
<!-- Generated by org.testng.reporters.JUnitReportReporter -->
<testsuite skipped="0" hostname="qasimsobeh-lt" name="com.qasim.test.CNNbIOS" tests="2" failures="0" timestamp="24 Jan 2018 14:53:31 GMT" time="638.079" errors="0">
  <testcase name="Start" time="0.043" classname="com.qasim.test.CNNbIOS"/>
  <testcase name="Start" time="638.036" classname="com.qasim.test.CNNbIOS"/>
</testsuite> <!-- com.qasim.test.CNNbIOS -->
