<?xml version="1.0" encoding="UTF-8"?>
<!-- Generated by org.testng.reporters.JUnitReportReporter -->
<testsuite skipped="0" hostname="qasimsobeh-lt" name="com.qasim.test.CSVloginAndroid" tests="1" failures="0" timestamp="25 Dec 2017 19:32:35 GMT" time="128.233" errors="0">
  <testcase name="Start" time="128.233" classname="com.qasim.test.CSVloginAndroid"/>
</testsuite> <!-- com.qasim.test.CSVloginAndroid -->
