<?xml version="1.0" encoding="UTF-8"?>
<!-- Generated by org.testng.reporters.JUnitReportReporter -->
<testsuite skipped="0" hostname="qasimsobeh-lt" name="com.qasim.test.CSVloginIOS" tests="1" failures="0" timestamp="24 Jan 2018 14:53:31 GMT" time="0.085" errors="0">
  <testcase name="Start" time="0.085" classname="com.qasim.test.CSVloginIOS"/>
</testsuite> <!-- com.qasim.test.CSVloginIOS -->
