<?xml version="1.0" encoding="UTF-8"?>
<!-- Generated by org.testng.reporters.JUnitReportReporter -->
<testsuite skipped="0" hostname="DESKTOP-ASJ2K1S" name="com.qasim.test.CNNbAndroid" tests="2" failures="0" timestamp="20 Jan 2018 22:55:29 GMT" time="661.497" errors="0">
  <testcase name="Start" time="661.376" classname="com.qasim.test.CNNbAndroid"/>
  <testcase name="Start" time="0.121" classname="com.qasim.test.CNNbAndroid"/>
</testsuite> <!-- com.qasim.test.CNNbAndroid -->
