<?xml version="1.0" encoding="UTF-8"?>
<!-- Generated by org.testng.reporters.JUnitReportReporter -->
<testsuite skipped="0" hostname="qasimsobeh-lt" name="com.qasim.test.EribankMakePaymentAndroid" tests="2" failures="0" timestamp="04 Jan 2018 17:04:50 GMT" time="100.948" errors="0">
  <testcase name="Start" time="50.984" classname="com.qasim.test.EribankMakePaymentAndroid"/>
  <testcase name="Start" time="49.964" classname="com.qasim.test.EribankMakePaymentAndroid"/>
</testsuite> <!-- com.qasim.test.EribankMakePaymentAndroid -->
