<?xml version="1.0" encoding="UTF-8"?>
<!-- Generated by org.testng.reporters.JUnitReportReporter -->
<testsuite skipped="0" hostname="qasimsobeh-lt" name="com.qasim.test.myAppLogin" tests="1" failures="0" timestamp="04 Jan 2018 16:25:34 GMT" time="98.604" errors="0">
  <testcase name="Start" time="98.604" classname="com.qasim.test.myAppLogin"/>
</testsuite> <!-- com.qasim.test.myAppLogin -->
