<?xml version="1.0" encoding="UTF-8"?>
<!-- Generated by org.testng.reporters.JUnitReportReporter -->
<testsuite skipped="0" hostname="DESKTOP-ASJ2K1S" name="com.qasim.test.CNNbIOS" tests="1" failures="0" timestamp="30 Dec 2017 22:12:24 GMT" time="79.401" errors="0">
  <testcase name="Start" time="79.401" classname="com.qasim.test.CNNbIOS"/>
</testsuite> <!-- com.qasim.test.CNNbIOS -->
