<?xml version="1.0" encoding="UTF-8"?>
<!-- Generated by org.testng.reporters.JUnitReportReporter -->
<testsuite skipped="0" hostname="DESKTOP-ASJ2K1S" name="com.qasim.test.ebayProfitCalculate" tests="1" failures="0" timestamp="31 Dec 2017 00:37:14 GMT" time="28.602" errors="0">
  <testcase name="Start" time="28.602" classname="com.qasim.test.ebayProfitCalculate"/>
</testsuite> <!-- com.qasim.test.ebayProfitCalculate -->
