<?xml version="1.0" encoding="UTF-8"?>
<!-- Generated by org.testng.reporters.JUnitReportReporter -->
<testsuite skipped="0" hostname="DESKTOP-ASJ2K1S" name="com.qasim.test.CNNaAndroid" tests="1" failures="0" timestamp="30 Dec 2017 22:42:08 GMT" time="266.490" errors="0">
  <testcase name="Start" time="266.490" classname="com.qasim.test.CNNaAndroid"/>
</testsuite> <!-- com.qasim.test.CNNaAndroid -->
