<?xml version="1.0" encoding="UTF-8"?>
<!-- Generated by org.testng.reporters.JUnitReportReporter -->
<testsuite skipped="0" hostname="DESKTOP-ASJ2K1S" name="com.qasim.test.myAppPlay" tests="1" failures="0" timestamp="30 Dec 2017 20:23:47 GMT" time="132.264" errors="0">
  <testcase name="Start" time="132.264" classname="com.qasim.test.myAppPlay"/>
</testsuite> <!-- com.qasim.test.myAppPlay -->
