<?xml version="1.0" encoding="UTF-8"?>
<!-- Generated by org.testng.reporters.JUnitReportReporter -->
<testsuite skipped="0" hostname="qasimsobeh-lt" name="com.qasim.test.topTenAppsIOS" tests="1" failures="0" timestamp="28 Dec 2017 18:52:18 GMT" time="179.267" errors="0">
  <testcase name="Start" time="179.267" classname="com.qasim.test.topTenAppsIOS"/>
</testsuite> <!-- com.qasim.test.topTenAppsIOS -->
