<?xml version="1.0" encoding="UTF-8"?>
<!-- Generated by org.testng.reporters.JUnitReportReporter -->
<testsuite skipped="0" hostname="DESKTOP-ASJ2K1S" name="com.qasim.test.EribankMakePaymentIOS" tests="1" failures="0" timestamp="31 Dec 2017 00:10:23 GMT" time="99.851" errors="0">
  <testcase name="Start" time="99.851" classname="com.qasim.test.EribankMakePaymentIOS"/>
</testsuite> <!-- com.qasim.test.EribankMakePaymentIOS -->
