<?xml version="1.0" encoding="UTF-8"?>
<!-- Generated by org.testng.reporters.JUnitReportReporter -->
<testsuite skipped="0" hostname="qasimsobeh-lt" name="com.qasim.test.topTenAppsAndroid" tests="1" failures="0" timestamp="28 Dec 2017 17:57:52 GMT" time="96.717" errors="0">
  <testcase name="Start" time="96.717" classname="com.qasim.test.topTenAppsAndroid"/>
</testsuite> <!-- com.qasim.test.topTenAppsAndroid -->
